# JRE version: OpenJDK Runtime Environment Zulu13.46+15-CA (13.0.10+5) (build 13.0.10+5-MTS)
# Java VM: OpenJDK 64-Bit Server VM Zulu13.46+15-CA (13.0.10+5-MTS, mixed mode, tiered, compressed oops, g1 gc, bsd-aarch64)
Heap:
 garbage-first heap   total 116736K, used 33498K [0x00000007a0000000, 0x00000007c0000000)
  region size 1024K, 11 young (11264K), 5 survivors (5120K)
 Metaspace       used 59729K, capacity 61060K, committed 61232K, reserved 1101824K
  class space    used 7588K, capacity 8095K, committed 8160K, reserved 1048576K
GC Heap History (20 events):
Event: 0.885 GC heap before
{Heap before GC invocations=6 (full 0):
 garbage-first heap   total 49152K, used 31188K [0x00000007a0000000, 0x00000007c0000000)
  region size 1024K, 20 young (20480K), 2 survivors (2048K)
 Metaspace       used 29249K, capacity 30090K, committed 30256K, reserved 1075200K
  class space    used 3639K, capacity 3967K, committed 3968K, reserved 1048576K
}
Event: 0.886 GC heap after
{Heap after GC invocations=7 (full 0):
 garbage-first heap   total 49152K, used 13250K [0x00000007a0000000, 0x00000007c0000000)
  region size 1024K, 2 young (2048K), 2 survivors (2048K)
 Metaspace       used 29249K, capacity 30090K, committed 30256K, reserved 1075200K
  class space    used 3639K, capacity 3967K, committed 3968K, reserved 1048576K
}
Event: 0.934 GC heap before
{Heap before GC invocations=7 (full 0):
 garbage-first heap   total 49152K, used 31682K [0x00000007a0000000, 0x00000007c0000000)
  region size 1024K, 20 young (20480K), 2 survivors (2048K)
 Metaspace       used 31006K, capacity 31833K, committed 32048K, reserved 1077248K
  class space    used 3854K, capacity 4161K, committed 4224K, reserved 1048576K
}
Event: 0.936 GC heap after
{Heap after GC invocations=8 (full 0):
 garbage-first heap   total 49152K, used 13534K [0x00000007a0000000, 0x00000007c0000000)
  region size 1024K, 2 young (2048K), 2 survivors (2048K)
 Metaspace       used 31006K, capacity 31833K, committed 32048K, reserved 1077248K
  class space    used 3854K, capacity 4161K, committed 4224K, reserved 1048576K
}
Event: 1.007 GC heap before
{Heap before GC invocations=8 (full 0):
 garbage-first heap   total 49152K, used 32990K [0x00000007a0000000, 0x00000007c0000000)
  region size 1024K, 21 young (21504K), 2 survivors (2048K)
 Metaspace       used 32421K, capacity 33297K, committed 33584K, reserved 1079296K
  class space    used 4039K, capacity 4377K, committed 4480K, reserved 1048576K
}
Event: 1.008 GC heap after
{Heap after GC invocations=9 (full 0):
 garbage-first heap   total 49152K, used 14563K [0x00000007a0000000, 0x00000007c0000000)
  region size 1024K, 3 young (3072K), 3 survivors (3072K)
 Metaspace       used 32421K, capacity 33297K, committed 33584K, reserved 1079296K
  class space    used 4039K, capacity 4377K, committed 4480K, reserved 1048576K
}
Event: 1.084 GC heap before
{Heap before GC invocations=9 (full 0):
 garbage-first heap   total 49152K, used 34019K [0x00000007a0000000, 0x00000007c0000000)
  region size 1024K, 22 young (22528K), 3 survivors (3072K)
 Metaspace       used 33110K, capacity 34010K, committed 34096K, reserved 1079296K
  class space    used 4108K, capacity 4459K, committed 4480K, reserved 1048576K
}
Event: 1.086 GC heap after
{Heap after GC invocations=10 (full 0):
 garbage-first heap   total 49152K, used 15352K [0x00000007a0000000, 0x00000007c0000000)
  region size 1024K, 3 young (3072K), 3 survivors (3072K)
 Metaspace       used 33110K, capacity 34010K, committed 34096K, reserved 1079296K
  class space    used 4108K, capacity 4459K, committed 4480K, reserved 1048576K
}
Event: 1.184 GC heap before
{Heap before GC invocations=10 (full 0):
 garbage-first heap   total 49152K, used 32760K [0x00000007a0000000, 0x00000007c0000000)
  region size 1024K, 21 young (21504K), 3 survivors (3072K)
 Metaspace       used 34913K, capacity 35857K, committed 35888K, reserved 1081344K
  class space    used 4328K, capacity 4706K, committed 4736K, reserved 1048576K
}
Event: 1.186 GC heap after
{Heap after GC invocations=11 (full 0):
 garbage-first heap   total 49152K, used 16127K [0x00000007a0000000, 0x00000007c0000000)
  region size 1024K, 2 young (2048K), 2 survivors (2048K)
 Metaspace       used 34913K, capacity 35857K, committed 35888K, reserved 1081344K
  class space    used 4328K, capacity 4706K, committed 4736K, reserved 1048576K
}
Event: 1.309 GC heap before
{Heap before GC invocations=12 (full 0):
 garbage-first heap   total 49152K, used 35583K [0x00000007a0000000, 0x00000007c0000000)
  region size 1024K, 21 young (21504K), 2 survivors (2048K)
 Metaspace       used 36607K, capacity 37706K, committed 37776K, reserved 1081344K
  class space    used 4582K, capacity 5023K, committed 5088K, reserved 1048576K
}
Event: 1.311 GC heap after
{Heap after GC invocations=13 (full 0):
 garbage-first heap   total 155648K, used 16816K [0x00000007a0000000, 0x00000007c0000000)
  region size 1024K, 2 young (2048K), 2 survivors (2048K)
 Metaspace       used 36607K, capacity 37706K, committed 37776K, reserved 1081344K
  class space    used 4582K, capacity 5023K, committed 5088K, reserved 1048576K
}
Event: 1.747 GC heap before
{Heap before GC invocations=13 (full 0):
 garbage-first heap   total 155648K, used 82352K [0x00000007a0000000, 0x00000007c0000000)
  region size 1024K, 66 young (67584K), 2 survivors (2048K)
 Metaspace       used 45227K, capacity 46433K, committed 46736K, reserved 1089536K
  class space    used 5540K, capacity 5997K, committed 6112K, reserved 1048576K
}
Event: 1.750 GC heap after
{Heap after GC invocations=14 (full 0):
 garbage-first heap   total 155648K, used 20462K [0x00000007a0000000, 0x00000007c0000000)
  region size 1024K, 6 young (6144K), 6 survivors (6144K)
 Metaspace       used 45227K, capacity 46433K, committed 46736K, reserved 1089536K
  class space    used 5540K, capacity 5997K, committed 6112K, reserved 1048576K
}
Event: 1.972 GC heap before
{Heap before GC invocations=14 (full 0):
 garbage-first heap   total 155648K, used 92142K [0x00000007a0000000, 0x00000007c0000000)
  region size 1024K, 76 young (77824K), 6 survivors (6144K)
 Metaspace       used 49522K, capacity 50722K, committed 50832K, reserved 1093632K
  class space    used 6091K, capacity 6552K, committed 6624K, reserved 1048576K
}
Event: 1.976 GC heap after
{Heap after GC invocations=15 (full 0):
 garbage-first heap   total 155648K, used 23649K [0x00000007a0000000, 0x00000007c0000000)
  region size 1024K, 8 young (8192K), 8 survivors (8192K)
 Metaspace       used 49522K, capacity 50722K, committed 50832K, reserved 1093632K
  class space    used 6091K, capacity 6552K, committed 6624K, reserved 1048576K
}
Event: 2.172 GC heap before
{Heap before GC invocations=15 (full 0):
 garbage-first heap   total 155648K, used 102497K [0x00000007a0000000, 0x00000007c0000000)
  region size 1024K, 86 young (88064K), 8 survivors (8192K)
 Metaspace       used 56364K, capacity 57694K, committed 57872K, reserved 1099776K
  class space    used 7159K, capacity 7658K, committed 7776K, reserved 1048576K
}
Event: 2.176 GC heap after
{Heap after GC invocations=16 (full 0):
 garbage-first heap   total 155648K, used 26538K [0x00000007a0000000, 0x00000007c0000000)
  region size 1024K, 7 young (7168K), 7 survivors (7168K)
 Metaspace       used 56364K, capacity 57694K, committed 57872K, reserved 1099776K
  class space    used 7159K, capacity 7658K, committed 7776K, reserved 1048576K
}
Event: 2.252 GC heap before
{Heap before GC invocations=16 (full 0):
 garbage-first heap   total 155648K, used 59306K [0x00000007a0000000, 0x00000007c0000000)
  region size 1024K, 40 young (40960K), 7 survivors (7168K)
 Metaspace       used 59038K, capacity 60345K, committed 60400K, reserved 1101824K
  class space    used 7523K, capacity 8028K, committed 8032K, reserved 1048576K
}
Event: 2.257 GC heap after
{Heap after GC invocations=17 (full 0):
 garbage-first heap   total 155648K, used 28378K [0x00000007a0000000, 0x00000007c0000000)
  region size 1024K, 5 young (5120K), 5 survivors (5120K)
 Metaspace       used 59038K, capacity 60345K, committed 60400K, reserved 1101824K
  class space    used 7523K, capacity 8028K, committed 8032K, reserved 1048576K
}

